<?xml version="1.0" encoding="UTF-8"?>
<!-- Generated by org.testng.reporters.JUnitReportReporter -->
<testsuite hostname="rao-B250M-D2V" failures="0" tests="1" name="com.oIAAutomation.testCases.TC_LoginTest_001" time="6.152" errors="0" timestamp="2022-06-10T17:41:55 IST" skipped="0">
  <testcase classname="com.oIAAutomation.testCases.TC_LoginTest_001" name="loginTest" time="6.152"/>
  <system-out/>
</testsuite> <!-- com.oIAAutomation.testCases.TC_LoginTest_001 -->
